<?xml version="1.0" encoding="UTF-8"?>
<testsuites name="Mocha Tests" time="18.118" tests="10" failures="0">
  <testsuite name="Root Suite" timestamp="2026-08-05T00:59:51" tests="0" file="cypress\e2e\checkout.cy.js" time="0.000" failures="0">
  </testsuite>
  <testsuite name="Catálogo de Produtos" timestamp="2026-08-05T00:59:51" tests="10" time="18.115" failures="0">
    <testcase name="Catálogo de Produtos TC-CHK-001 - Iniciar o checkout com produto no carrinho" time="1.684" classname="TC-CHK-001 - Iniciar o checkout com produto no carrinho">
    </testcase>
    <testcase name="Catálogo de Produtos TC-CHK-002 - Finalizar o checkout com dados válidos" time="1.891" classname="TC-CHK-002 - Finalizar o checkout com dados válidos">
    </testcase>
    <testcase name="Catálogo de Produtos TC-CHK-003 - Validar obrigatoriedade do campo First Name" time="1.702" classname="TC-CHK-003 - Validar obrigatoriedade do campo First Name">
    </testcase>
    <testcase name="Catálogo de Produtos TC-CHK-004 - Validar obrigatoriedade do campo Last Name" time="1.728" classname="TC-CHK-004 - Validar obrigatoriedade do campo Last Name">
    </testcase>
    <testcase name="Catálogo de Produtos TC-CHK-005 - Validar obrigatoriedade do campo Postal Code" time="1.625" classname="TC-CHK-005 - Validar obrigatoriedade do campo Postal Code">
    </testcase>
    <testcase name="Catálogo de Produtos TC-CHK-006 - Cancelar o checkout na etapa de informações" time="1.174" classname="TC-CHK-006 - Cancelar o checkout na etapa de informações">
    </testcase>
    <testcase name="Catálogo de Produtos TC-CHK-007 - Validar as informações dos produtos na etapa Overview" time="1.797" classname="TC-CHK-007 - Validar as informações dos produtos na etapa Overview">
    </testcase>
    <testcase name="Catálogo de Produtos TC-CHK-008 - Cancelar o checkout na etapa Overview" time="1.837" classname="TC-CHK-008 - Cancelar o checkout na etapa Overview">
    </testcase>
    <testcase name="Catálogo de Produtos TC-CHK-009 - Finalizar a compra" time="1.923" classname="TC-CHK-009 - Finalizar a compra">
    </testcase>
    <testcase name="Catálogo de Produtos TC-CHK-010 - Retornar para a página inicial após concluir a compra" time="2.425" classname="TC-CHK-010 - Retornar para a página inicial após concluir a compra">
    </testcase>
  </testsuite>
</testsuites>