<?xml version="1.0" encoding="UTF-8"?>
<testsuites name="Mocha Tests" time="9.031" tests="7" failures="0">
  <testsuite name="Root Suite" timestamp="2026-08-05T00:59:31" tests="0" file="cypress\e2e\carrinho.cy.js" time="0.000" failures="0">
  </testsuite>
  <testsuite name="Catálogo de Produtos" timestamp="2026-08-05T00:59:31" tests="7" time="9.030" failures="0">
    <testcase name="Catálogo de Produtos TC-CART-001 - Adicionar um produto ao carrinho pela listagem" time="2.016" classname="TC-CART-001 - Adicionar um produto ao carrinho pela listagem">
    </testcase>
    <testcase name="Catálogo de Produtos TC-CART-002 - Visualizar os produtos adicionados ao carrinho" time="1.296" classname="TC-CART-002 - Visualizar os produtos adicionados ao carrinho">
    </testcase>
    <testcase name="Catálogo de Produtos TC-CART-003 - Validar as informações do produto no carrinho" time="1.162" classname="TC-CART-003 - Validar as informações do produto no carrinho">
    </testcase>
    <testcase name="Catálogo de Produtos TC-CART-004 - Remover um produto diretamente do carrinho" time="1.073" classname="TC-CART-004 - Remover um produto diretamente do carrinho">
    </testcase>
    <testcase name="Catálogo de Produtos TC-CART-005 - Adicionar um produto ao carrinho pela tela de detalhes" time="1.005" classname="TC-CART-005 - Adicionar um produto ao carrinho pela tela de detalhes">
    </testcase>
    <testcase name="Catálogo de Produtos TC-CART-006 - Remover um produto pela tela de detalhes" time="1.111" classname="TC-CART-006 - Remover um produto pela tela de detalhes">
    </testcase>
    <testcase name="Catálogo de Produtos TC-CART-007 - Continuar comprando a partir do carrinho" time="1.138" classname="TC-CART-007 - Continuar comprando a partir do carrinho">
    </testcase>
  </testsuite>
</testsuites>