<?xml version="1.0" encoding="UTF-8"?>
<testsuites name="Mocha Tests" time="5.267" tests="7" failures="0">
  <testsuite name="Root Suite" timestamp="2026-08-05T01:00:10" tests="0" file="cypress\e2e\login.cy.js" time="0.000" failures="0">
  </testsuite>
  <testsuite name="Login" timestamp="2026-08-05T01:00:10" tests="7" time="5.264" failures="0">
    <testcase name="Login TC-LOGIN-001 - Login com credenciais válidas" time="1.340" classname="TC-LOGIN-001 - Login com credenciais válidas">
    </testcase>
    <testcase name="Login TC-LOGIN-002 - Login com senha inválida" time="0.878" classname="TC-LOGIN-002 - Login com senha inválida">
    </testcase>
    <testcase name="Login TC-LOGIN-003 - Login sem preencher o usuário" time="0.498" classname="TC-LOGIN-003 - Login sem preencher o usuário">
    </testcase>
    <testcase name="Login TC-LOGIN-004 - Login sem preencher a senha" time="0.543" classname="TC-LOGIN-004 - Login sem preencher a senha">
    </testcase>
    <testcase name="Login TC-LOGIN-005 - Login sem preencher usuário e senha" time="0.196" classname="TC-LOGIN-005 - Login sem preencher usuário e senha">
    </testcase>
    <testcase name="Login TC-LOGIN-006 - Login com usuário inexistente" time="0.810" classname="TC-LOGIN-006 - Login com usuário inexistente">
    </testcase>
    <testcase name="Login TC-LOGIN-007 - Login com usuário bloqueado" time="0.809" classname="TC-LOGIN-007 - Login com usuário bloqueado">
    </testcase>
  </testsuite>
</testsuites>