<?xml version="1.0" encoding="UTF-8"?>
<testsuites name="Mocha Tests" time="2.583" tests="1" failures="0">
  <testsuite name="Root Suite" timestamp="2026-08-05T01:00:17" tests="0" file="cypress\e2e\regressão\purchase-flow.cy.js" time="0.000" failures="0">
  </testsuite>
  <testsuite name="Fluxo E2E - Compra Completa" timestamp="2026-08-05T01:00:17" tests="1" time="2.577" failures="0">
    <testcase name="Fluxo E2E - Compra Completa REG-001 - Realizar uma compra com sucesso" time="2.541" classname="REG-001 - Realizar uma compra com sucesso">
    </testcase>
  </testsuite>
</testsuites>